  PCH.cpp
  BufferCache.cpp
  ModelCache.cpp
  SceneCache.cpp
  ShaderCache.cpp
  TerrainCache.cpp
  TextureCache.cpp
  FileSystem.cpp
  Input.cpp
  Log.cpp
  Profiler.cpp
  Timer.cpp
  Camera.cpp
  CullManager.cpp
  Object.cpp
  Scene.cpp
  Terrain.cpp
  BuiltInShader.cpp
  Context.cpp
  DXFrameBuffer.cpp
  DXVertexBuffer.cpp
  Generating Code...
  Compiling...
  FrameBuffer.cpp
  GLFrameBuffer.cpp
  GLVertexBuffer.cpp
  IndexBuffer.cpp
  TypeTransform.cpp
  DXConstantBuffer.cpp
  DXContext.cpp
  DDSTextureLoader.cpp
  DXModel.cpp
  DXShader.cpp
  DXTexture.cpp
  GLContext.cpp
  GLExtension.cpp
  GLModel.cpp
  GLShader.cpp
  GLTexture.cpp
  GLUniformBuffer.cpp
  Model.cpp
  Image.cpp
  ImageTool.cpp
  Generating Code...
  Compiling...
  Mipmap.cpp
  AABB.cpp
  Frustum.cpp
  Random.cpp
  Transform.cpp
  BSP.cpp
  BVH.cpp
  Physics.cpp
  QuadTree.cpp
  DebugBatch.cpp
  DXDebugBatch.cpp
  DXFontBatch.cpp
  Font.cpp
  FontBatch.cpp
  GLDebugBatch.cpp
  GLFontBatch.cpp
  SpriteBatch.cpp
  Environment.cpp
  Renderer.cpp
  SubSystem.cpp
  Generating Code...
  Compiling...
  Application.cpp
  Button.cpp
  GdiObject.cpp
  RenderWindow.cpp
  TitleBar.cpp
  Window.cpp
  Generating Code...
  Empty.vcxproj -> C:\@github\@ripcode0\Empty_backup_2017\bin32\Empty.lib
